[ARC] Opened 0 archives from extracted/files/DATA
[ARC] Opened ../extracted/files/DATA/ambients.arc: 0 entries
[ARC] Opened ../extracted/files/DATA/animatio.arc: 144 entries
[ARC] Opened ../extracted/files/DATA/audiostr.arc: 0 entries
[ARC] Opened ../extracted/files/DATA/binaries.arc: 3 entries
[ARC] Opened ../extracted/files/DATA/characte.arc: 77 entries
[ARC] Opened ../extracted/files/DATA/datasets.arc: 0 entries
[ARC] Opened ../extracted/files/DATA/edithtre.arc: 85 entries
[ARC] Opened ../extracted/files/DATA/effectsa.arc: 115 entries
[ARC] Opened ../extracted/files/DATA/effectse.arc: 46 entries
[ARC] Opened ../extracted/files/DATA/emitters.arc: 176 entries
[ARC] Opened ../extracted/files/DATA/flashes.arc: 3 entries
[ARC] Opened ../extracted/files/DATA/fonts.arc: 2 entries
[ARC] Opened ../extracted/files/DATA/levels.arc: 0 entries
[ARC] Opened ../extracted/files/DATA/models.arc: 931 entries
[ARC] Opened ../extracted/files/DATA/movies.arc: 0 entries
[ARC] Opened ../extracted/files/DATA/quickdat.arc: 0 entries
[ARC] Opened ../extracted/files/DATA/samples.arc: 0 entries
[ARC] Opened ../extracted/files/DATA/shaders.arc: 0 entries
[ARC] Opened ../extracted/files/DATA/soundeve.arc: 587 entries
[ARC] Opened ../extracted/files/DATA/soundtra.arc: 2 entries
[ARC] Opened ../extracted/files/DATA/textures.arc: 207 entries
[ARC] Opened 22 archives from ../extracted/files/DATA
[MAIN] 22 archives loaded, GL texture created
